[2023-03-27 09:20:22] local.ERROR: Carbon\Carbon::setLastErrors(): Argument #1 ($lastErrors) must be of type array, bool given, called in C:\laravel\vendor\nesbot\carbon\src\Carbon\Traits\Creator.php on line 98 {"exception":"[object] (TypeError(code: 0): Carbon\\Carbon::setLastErrors(): Argument #1 ($lastErrors) must be of type array, bool given, called in C:\\laravel\\vendor\
esbot\\carbon\\src\\Carbon\\Traits\\Creator.php on line 98 at C:\\laravel\\vendor\
esbot\\carbon\\src\\Carbon\\Traits\\Creator.php:928)
[stacktrace]
#0 C:\\laravel\\vendor\
esbot\\carbon\\src\\Carbon\\Traits\\Creator.php(98): Carbon\\Carbon::setLastErrors(false)
#1 C:\\laravel\\vendor\
esbot\\carbon\\src\\Carbon\\Traits\\Creator.php(252): Carbon\\Carbon->__construct(NULL, NULL)
#2 C:\\laravel\\vendor\\laravel\\framework\\src\\Illuminate\\Support\\DateFactory.php(217): Carbon\\Carbon::now()
#3 C:\\laravel\\vendor\\laravel\\framework\\src\\Illuminate\\Support\\Facades\\Facade.php(261): Illuminate\\Support\\DateFactory->__call('now', Array)
#4 C:\\laravel\\vendor\\laravel\\framework\\src\\Illuminate\\Console\\Scheduling\\ScheduleRunCommand.php(73): Illuminate\\Support\\Facades\\Facade::__callStatic('now', Array)
#5 [internal function]: Illuminate\\Console\\Scheduling\\ScheduleRunCommand->__construct()
#6 C:\\laravel\\vendor\\laravel\\framework\\src\\Illuminate\\Container\\Container.php(917): ReflectionClass->newInstanceArgs(Array)
#7 C:\\laravel\\vendor\\laravel\\framework\\src\\Illuminate\\Container\\Container.php(292): Illuminate\\Container\\Container->build('Illuminate\\\\Cons...')
#8 C:\\laravel\\vendor\\laravel\\framework\\src\\Illuminate\\Container\\Container.php(873): Illuminate\\Container\\Container->Illuminate\\Container\\{closure}(Object(Illuminate\\Foundation\\Application), Array)
#9 C:\\laravel\\vendor\\laravel\\framework\\src\\Illuminate\\Container\\Container.php(758): Illuminate\\Container\\Container->build(Object(Closure))
#10 C:\\laravel\\vendor\\laravel\\framework\\src\\Illuminate\\Foundation\\Application.php(851): Illuminate\\Container\\Container->resolve('Illuminate\\\\Cons...', Array, true)
#11 C:\\laravel\\vendor\\laravel\\framework\\src\\Illuminate\\Container\\Container.php(694): Illuminate\\Foundation\\Application->resolve('Illuminate\\\\Cons...', Array)
#12 C:\\laravel\\vendor\\laravel\\framework\\src\\Illuminate\\Foundation\\Application.php(836): Illuminate\\Container\\Container->make('Illuminate\\\\Cons...', Array)
#13 C:\\laravel\\vendor\\laravel\\framework\\src\\Illuminate\\Console\\Application.php(262): Illuminate\\Foundation\\Application->make('Illuminate\\\\Cons...')
#14 C:\\laravel\\vendor\\laravel\\framework\\src\\Illuminate\\Console\\Application.php(276): Illuminate\\Console\\Application->resolve('Illuminate\\\\Cons...')
#15 C:\\laravel\\vendor\\laravel\\framework\\src\\Illuminate\\Support\\ServiceProvider.php(404): Illuminate\\Console\\Application->resolveCommands(Array)
#16 C:\\laravel\\vendor\\laravel\\framework\\src\\Illuminate\\Console\\Application.php(153): Illuminate\\Support\\ServiceProvider->Illuminate\\Support\\{closure}(Object(Illuminate\\Console\\Application))
#17 C:\\laravel\\vendor\\laravel\\framework\\src\\Illuminate\\Console\\Application.php(74): Illuminate\\Console\\Application->bootstrap()
#18 C:\\laravel\\vendor\\laravel\\framework\\src\\Illuminate\\Foundation\\Console\\Kernel.php(330): Illuminate\\Console\\Application->__construct(Object(Illuminate\\Foundation\\Application), Object(Illuminate\\Events\\Dispatcher), '8.83.0')
#19 C:\\laravel\\vendor\\laravel\\framework\\src\\Illuminate\\Foundation\\Console\\Kernel.php(129): Illuminate\\Foundation\\Console\\Kernel->getArtisan()
#20 C:\\laravel\\artisan(35): Illuminate\\Foundation\\Console\\Kernel->handle(Object(Symfony\\Component\\Console\\Input\\ArgvInput), Object(Symfony\\Component\\Console\\Output\\ConsoleOutput))
#21 {main}
"} 
